[26-Jul-2021 18:01:33 UTC] PHP Warning:  call_user_func_array() expects parameter 1 to be a valid callback, function 'create_posttype' not found or invalid function name in /home/u534534343/domains/teabrazocolombia.org/public_html/wp-includes/class-wp-hook.php on line 303
[26-Jul-2021 18:01:34 UTC] PHP Warning:  call_user_func_array() expects parameter 1 to be a valid callback, function 'create_posttype' not found or invalid function name in /home/u534534343/domains/teabrazocolombia.org/public_html/wp-includes/class-wp-hook.php on line 303
[26-Jul-2021 18:03:34 UTC] PHP Warning:  call_user_func_array() expects parameter 1 to be a valid callback, function 'create_posttype' not found or invalid function name in /home/u534534343/domains/teabrazocolombia.org/public_html/wp-includes/class-wp-hook.php on line 303
[26-Jul-2021 18:03:34 UTC] PHP Warning:  call_user_func_array() expects parameter 1 to be a valid callback, function 'create_posttype' not found or invalid function name in /home/u534534343/domains/teabrazocolombia.org/public_html/wp-includes/class-wp-hook.php on line 303
[26-Jul-2021 18:05:35 UTC] PHP Warning:  call_user_func_array() expects parameter 1 to be a valid callback, function 'create_posttype' not found or invalid function name in /home/u534534343/domains/teabrazocolombia.org/public_html/wp-includes/class-wp-hook.php on line 303
[26-Jul-2021 18:05:35 UTC] PHP Warning:  call_user_func_array() expects parameter 1 to be a valid callback, function 'create_posttype' not found or invalid function name in /home/u534534343/domains/teabrazocolombia.org/public_html/wp-includes/class-wp-hook.php on line 303
[26-Jul-2021 18:07:09 UTC] PHP Warning:  call_user_func_array() expects parameter 1 to be a valid callback, function 'create_posttype' not found or invalid function name in /home/u534534343/domains/teabrazocolombia.org/public_html/wp-includes/class-wp-hook.php on line 303
[26-Jul-2021 18:07:09 UTC] PHP Warning:  call_user_func_array() expects parameter 1 to be a valid callback, function 'create_posttype' not found or invalid function name in /home/u534534343/domains/teabrazocolombia.org/public_html/wp-includes/class-wp-hook.php on line 303
[26-Jul-2021 18:07:45 UTC] PHP Warning:  call_user_func_array() expects parameter 1 to be a valid callback, function 'create_posttype' not found or invalid function name in /home/u534534343/domains/teabrazocolombia.org/public_html/wp-includes/class-wp-hook.php on line 303
[26-Jul-2021 18:08:16 UTC] PHP Warning:  call_user_func_array() expects parameter 1 to be a valid callback, function 'create_posttype' not found or invalid function name in /home/u534534343/domains/teabrazocolombia.org/public_html/wp-includes/class-wp-hook.php on line 303
[26-Jul-2021 18:08:16 UTC] PHP Warning:  call_user_func_array() expects parameter 1 to be a valid callback, function 'create_posttype' not found or invalid function name in /home/u534534343/domains/teabrazocolombia.org/public_html/wp-includes/class-wp-hook.php on line 303
[26-Jul-2021 18:08:18 UTC] PHP Warning:  call_user_func_array() expects parameter 1 to be a valid callback, function 'create_posttype' not found or invalid function name in /home/u534534343/domains/teabrazocolombia.org/public_html/wp-includes/class-wp-hook.php on line 303
[26-Jul-2021 18:08:19 UTC] PHP Warning:  call_user_func_array() expects parameter 1 to be a valid callback, function 'create_posttype' not found or invalid function name in /home/u534534343/domains/teabrazocolombia.org/public_html/wp-includes/class-wp-hook.php on line 303
[26-Jul-2021 18:08:19 UTC] PHP Warning:  call_user_func_array() expects parameter 1 to be a valid callback, function 'create_posttype' not found or invalid function name in /home/u534534343/domains/teabrazocolombia.org/public_html/wp-includes/class-wp-hook.php on line 303
[26-Jul-2021 18:08:19 UTC] PHP Warning:  call_user_func_array() expects parameter 1 to be a valid callback, function 'create_posttype' not found or invalid function name in /home/u534534343/domains/teabrazocolombia.org/public_html/wp-includes/class-wp-hook.php on line 303
[26-Jul-2021 18:08:19 UTC] PHP Warning:  call_user_func_array() expects parameter 1 to be a valid callback, function 'create_posttype' not found or invalid function name in /home/u534534343/domains/teabrazocolombia.org/public_html/wp-includes/class-wp-hook.php on line 303
[26-Jul-2021 18:08:20 UTC] PHP Warning:  call_user_func_array() expects parameter 1 to be a valid callback, function 'create_posttype' not found or invalid function name in /home/u534534343/domains/teabrazocolombia.org/public_html/wp-includes/class-wp-hook.php on line 303
[26-Jul-2021 18:08:20 UTC] PHP Warning:  call_user_func_array() expects parameter 1 to be a valid callback, function 'create_posttype' not found or invalid function name in /home/u534534343/domains/teabrazocolombia.org/public_html/wp-includes/class-wp-hook.php on line 303
[26-Jul-2021 18:08:20 UTC] PHP Warning:  call_user_func_array() expects parameter 1 to be a valid callback, function 'create_posttype' not found or invalid function name in /home/u534534343/domains/teabrazocolombia.org/public_html/wp-includes/class-wp-hook.php on line 303
[26-Jul-2021 18:08:21 UTC] PHP Warning:  call_user_func_array() expects parameter 1 to be a valid callback, function 'create_posttype' not found or invalid function name in /home/u534534343/domains/teabrazocolombia.org/public_html/wp-includes/class-wp-hook.php on line 303
[26-Jul-2021 18:08:55 UTC] PHP Warning:  call_user_func_array() expects parameter 1 to be a valid callback, function 'create_posttype' not found or invalid function name in /home/u534534343/domains/teabrazocolombia.org/public_html/wp-includes/class-wp-hook.php on line 303
[26-Jul-2021 18:09:01 UTC] PHP Warning:  call_user_func_array() expects parameter 1 to be a valid callback, function 'create_posttype' not found or invalid function name in /home/u534534343/domains/teabrazocolombia.org/public_html/wp-includes/class-wp-hook.php on line 303
[26-Jul-2021 18:09:06 UTC] PHP Warning:  call_user_func_array() expects parameter 1 to be a valid callback, function 'create_posttype' not found or invalid function name in /home/u534534343/domains/teabrazocolombia.org/public_html/wp-includes/class-wp-hook.php on line 303
[26-Jul-2021 18:09:06 UTC] PHP Warning:  call_user_func_array() expects parameter 1 to be a valid callback, function 'create_posttype' not found or invalid function name in /home/u534534343/domains/teabrazocolombia.org/public_html/wp-includes/class-wp-hook.php on line 303
[26-Jul-2021 18:09:07 UTC] PHP Notice:  Array to string conversion in /home/u534534343/domains/teabrazocolombia.org/public_html/wp-content/plugins/webarx/includes/events/options.php on line 120
[26-Jul-2021 18:09:07 UTC] PHP Notice:  Array to string conversion in /home/u534534343/domains/teabrazocolombia.org/public_html/wp-content/plugins/webarx/includes/events/options.php on line 120
[26-Jul-2021 18:09:07 UTC] PHP Notice:  Undefined index: object_id in /home/u534534343/domains/teabrazocolombia.org/public_html/wp-content/plugins/webarx/includes/event-log.php on line 84
[26-Jul-2021 18:10:45 UTC] PHP Warning:  call_user_func_array() expects parameter 1 to be a valid callback, function 'create_posttype' not found or invalid function name in /home/u534534343/domains/teabrazocolombia.org/public_html/wp-includes/class-wp-hook.php on line 303
[26-Jul-2021 18:10:45 UTC] PHP Notice:  Array to string conversion in /home/u534534343/domains/teabrazocolombia.org/public_html/wp-content/plugins/webarx/includes/events/options.php on line 120
[26-Jul-2021 18:10:45 UTC] PHP Notice:  Array to string conversion in /home/u534534343/domains/teabrazocolombia.org/public_html/wp-content/plugins/webarx/includes/events/options.php on line 120
[26-Jul-2021 18:10:45 UTC] PHP Notice:  Undefined index: object_id in /home/u534534343/domains/teabrazocolombia.org/public_html/wp-content/plugins/webarx/includes/event-log.php on line 84
[26-Jul-2021 18:10:47 UTC] PHP Warning:  call_user_func_array() expects parameter 1 to be a valid callback, function 'create_posttype' not found or invalid function name in /home/u534534343/domains/teabrazocolombia.org/public_html/wp-includes/class-wp-hook.php on line 303
[26-Jul-2021 18:10:47 UTC] PHP Warning:  call_user_func_array() expects parameter 1 to be a valid callback, function 'create_posttype' not found or invalid function name in /home/u534534343/domains/teabrazocolombia.org/public_html/wp-includes/class-wp-hook.php on line 303
[26-Jul-2021 18:11:04 UTC] PHP Warning:  call_user_func_array() expects parameter 1 to be a valid callback, function 'create_posttype' not found or invalid function name in /home/u534534343/domains/teabrazocolombia.org/public_html/wp-includes/class-wp-hook.php on line 303
[26-Jul-2021 18:11:04 UTC] PHP Warning:  call_user_func_array() expects parameter 1 to be a valid callback, function 'create_posttype' not found or invalid function name in /home/u534534343/domains/teabrazocolombia.org/public_html/wp-includes/class-wp-hook.php on line 303
[26-Jul-2021 18:11:04 UTC] PHP Deprecated:  wp_make_content_images_responsive ha quedado <strong>obsoleto</strong> desde la versión 5.5.0. Utiliza wp_filter_content_tags() en su lugar. in /home/u534534343/domains/teabrazocolombia.org/public_html/wp-includes/functions.php on line 5083
[26-Jul-2021 18:11:04 UTC] PHP Deprecated:  wp_make_content_images_responsive ha quedado <strong>obsoleto</strong> desde la versión 5.5.0. Utiliza wp_filter_content_tags() en su lugar. in /home/u534534343/domains/teabrazocolombia.org/public_html/wp-includes/functions.php on line 5083
[26-Jul-2021 18:11:04 UTC] PHP Warning:  Illegal string offset 'alt' in /home/u534534343/domains/teabrazocolombia.org/public_html/wp-content/themes/teabrazo/includes/nosotros/banner.php on line 29
[26-Jul-2021 18:11:04 UTC] PHP Deprecated:  wp_make_content_images_responsive ha quedado <strong>obsoleto</strong> desde la versión 5.5.0. Utiliza wp_filter_content_tags() en su lugar. in /home/u534534343/domains/teabrazocolombia.org/public_html/wp-includes/functions.php on line 5083
[26-Jul-2021 18:11:04 UTC] PHP Deprecated:  wp_make_content_images_responsive ha quedado <strong>obsoleto</strong> desde la versión 5.5.0. Utiliza wp_filter_content_tags() en su lugar. in /home/u534534343/domains/teabrazocolombia.org/public_html/wp-includes/functions.php on line 5083
[26-Jul-2021 18:11:04 UTC] PHP Deprecated:  wp_make_content_images_responsive ha quedado <strong>obsoleto</strong> desde la versión 5.5.0. Utiliza wp_filter_content_tags() en su lugar. in /home/u534534343/domains/teabrazocolombia.org/public_html/wp-includes/functions.php on line 5083
[26-Jul-2021 18:11:04 UTC] PHP Deprecated:  wp_make_content_images_responsive ha quedado <strong>obsoleto</strong> desde la versión 5.5.0. Utiliza wp_filter_content_tags() en su lugar. in /home/u534534343/domains/teabrazocolombia.org/public_html/wp-includes/functions.php on line 5083
[26-Jul-2021 18:11:04 UTC] PHP Deprecated:  wp_make_content_images_responsive ha quedado <strong>obsoleto</strong> desde la versión 5.5.0. Utiliza wp_filter_content_tags() en su lugar. in /home/u534534343/domains/teabrazocolombia.org/public_html/wp-includes/functions.php on line 5083
[26-Jul-2021 18:11:04 UTC] PHP Deprecated:  wp_make_content_images_responsive ha quedado <strong>obsoleto</strong> desde la versión 5.5.0. Utiliza wp_filter_content_tags() en su lugar. in /home/u534534343/domains/teabrazocolombia.org/public_html/wp-includes/functions.php on line 5083
[26-Jul-2021 18:11:04 UTC] PHP Deprecated:  wp_make_content_images_responsive ha quedado <strong>obsoleto</strong> desde la versión 5.5.0. Utiliza wp_filter_content_tags() en su lugar. in /home/u534534343/domains/teabrazocolombia.org/public_html/wp-includes/functions.php on line 5083
[26-Jul-2021 18:11:04 UTC] PHP Deprecated:  wp_make_content_images_responsive ha quedado <strong>obsoleto</strong> desde la versión 5.5.0. Utiliza wp_filter_content_tags() en su lugar. in /home/u534534343/domains/teabrazocolombia.org/public_html/wp-includes/functions.php on line 5083
[26-Jul-2021 18:11:04 UTC] PHP Deprecated:  wp_make_content_images_responsive ha quedado <strong>obsoleto</strong> desde la versión 5.5.0. Utiliza wp_filter_content_tags() en su lugar. in /home/u534534343/domains/teabrazocolombia.org/public_html/wp-includes/functions.php on line 5083
[26-Jul-2021 18:11:04 UTC] PHP Deprecated:  wp_make_content_images_responsive ha quedado <strong>obsoleto</strong> desde la versión 5.5.0. Utiliza wp_filter_content_tags() en su lugar. in /home/u534534343/domains/teabrazocolombia.org/public_html/wp-includes/functions.php on line 5083
[26-Jul-2021 18:11:04 UTC] PHP Deprecated:  wp_make_content_images_responsive ha quedado <strong>obsoleto</strong> desde la versión 5.5.0. Utiliza wp_filter_content_tags() en su lugar. in /home/u534534343/domains/teabrazocolombia.org/public_html/wp-includes/functions.php on line 5083
[26-Jul-2021 18:11:04 UTC] PHP Deprecated:  wp_make_content_images_responsive ha quedado <strong>obsoleto</strong> desde la versión 5.5.0. Utiliza wp_filter_content_tags() en su lugar. in /home/u534534343/domains/teabrazocolombia.org/public_html/wp-includes/functions.php on line 5083
[26-Jul-2021 18:11:05 UTC] PHP Warning:  call_user_func_array() expects parameter 1 to be a valid callback, function 'create_posttype' not found or invalid function name in /home/u534534343/domains/teabrazocolombia.org/public_html/wp-includes/class-wp-hook.php on line 303
[26-Jul-2021 18:11:05 UTC] PHP Warning:  call_user_func_array() expects parameter 1 to be a valid callback, function 'create_posttype' not found or invalid function name in /home/u534534343/domains/teabrazocolombia.org/public_html/wp-includes/class-wp-hook.php on line 303
[26-Jul-2021 18:11:05 UTC] PHP Warning:  call_user_func_array() expects parameter 1 to be a valid callback, function 'create_posttype' not found or invalid function name in /home/u534534343/domains/teabrazocolombia.org/public_html/wp-includes/class-wp-hook.php on line 303
[26-Jul-2021 18:11:06 UTC] PHP Warning:  call_user_func_array() expects parameter 1 to be a valid callback, function 'create_posttype' not found or invalid function name in /home/u534534343/domains/teabrazocolombia.org/public_html/wp-includes/class-wp-hook.php on line 303
[26-Jul-2021 18:11:06 UTC] PHP Warning:  call_user_func_array() expects parameter 1 to be a valid callback, function 'create_posttype' not found or invalid function name in /home/u534534343/domains/teabrazocolombia.org/public_html/wp-includes/class-wp-hook.php on line 303
[26-Jul-2021 18:11:06 UTC] PHP Warning:  call_user_func_array() expects parameter 1 to be a valid callback, function 'create_posttype' not found or invalid function name in /home/u534534343/domains/teabrazocolombia.org/public_html/wp-includes/class-wp-hook.php on line 303
[26-Jul-2021 18:11:27 UTC] PHP Warning:  call_user_func_array() expects parameter 1 to be a valid callback, function 'create_posttype' not found or invalid function name in /home/u534534343/domains/teabrazocolombia.org/public_html/wp-includes/class-wp-hook.php on line 303
[26-Jul-2021 18:11:29 UTC] PHP Warning:  call_user_func_array() expects parameter 1 to be a valid callback, function 'create_posttype' not found or invalid function name in /home/u534534343/domains/teabrazocolombia.org/public_html/wp-includes/class-wp-hook.php on line 303
[26-Jul-2021 18:11:29 UTC] PHP Warning:  call_user_func_array() expects parameter 1 to be a valid callback, function 'create_posttype' not found or invalid function name in /home/u534534343/domains/teabrazocolombia.org/public_html/wp-includes/class-wp-hook.php on line 303
[26-Jul-2021 18:11:30 UTC] PHP Warning:  call_user_func_array() expects parameter 1 to be a valid callback, function 'create_posttype' not found or invalid function name in /home/u534534343/domains/teabrazocolombia.org/public_html/wp-includes/class-wp-hook.php on line 303
[26-Jul-2021 18:11:30 UTC] PHP Warning:  call_user_func_array() expects parameter 1 to be a valid callback, function 'create_posttype' not found or invalid function name in /home/u534534343/domains/teabrazocolombia.org/public_html/wp-includes/class-wp-hook.php on line 303
[26-Jul-2021 18:11:47 UTC] PHP Warning:  call_user_func_array() expects parameter 1 to be a valid callback, function 'create_posttype' not found or invalid function name in /home/u534534343/domains/teabrazocolombia.org/public_html/wp-includes/class-wp-hook.php on line 303
[26-Jul-2021 18:13:49 UTC] PHP Warning:  call_user_func_array() expects parameter 1 to be a valid callback, function 'create_posttype' not found or invalid function name in /home/u534534343/domains/teabrazocolombia.org/public_html/wp-includes/class-wp-hook.php on line 303
[26-Jul-2021 18:13:49 UTC] PHP Warning:  call_user_func_array() expects parameter 1 to be a valid callback, function 'create_posttype' not found or invalid function name in /home/u534534343/domains/teabrazocolombia.org/public_html/wp-includes/class-wp-hook.php on line 303
[26-Jul-2021 18:15:50 UTC] PHP Warning:  call_user_func_array() expects parameter 1 to be a valid callback, function 'create_posttype' not found or invalid function name in /home/u534534343/domains/teabrazocolombia.org/public_html/wp-includes/class-wp-hook.php on line 303
[26-Jul-2021 18:15:50 UTC] PHP Warning:  call_user_func_array() expects parameter 1 to be a valid callback, function 'create_posttype' not found or invalid function name in /home/u534534343/domains/teabrazocolombia.org/public_html/wp-includes/class-wp-hook.php on line 303
[26-Jul-2021 18:17:51 UTC] PHP Warning:  call_user_func_array() expects parameter 1 to be a valid callback, function 'create_posttype' not found or invalid function name in /home/u534534343/domains/teabrazocolombia.org/public_html/wp-includes/class-wp-hook.php on line 303
[26-Jul-2021 18:17:51 UTC] PHP Warning:  call_user_func_array() expects parameter 1 to be a valid callback, function 'create_posttype' not found or invalid function name in /home/u534534343/domains/teabrazocolombia.org/public_html/wp-includes/class-wp-hook.php on line 303
[26-Jul-2021 18:19:52 UTC] PHP Warning:  call_user_func_array() expects parameter 1 to be a valid callback, function 'create_posttype' not found or invalid function name in /home/u534534343/domains/teabrazocolombia.org/public_html/wp-includes/class-wp-hook.php on line 303
[26-Jul-2021 18:19:53 UTC] PHP Warning:  call_user_func_array() expects parameter 1 to be a valid callback, function 'create_posttype' not found or invalid function name in /home/u534534343/domains/teabrazocolombia.org/public_html/wp-includes/class-wp-hook.php on line 303
[26-Jul-2021 18:21:53 UTC] PHP Warning:  call_user_func_array() expects parameter 1 to be a valid callback, function 'create_posttype' not found or invalid function name in /home/u534534343/domains/teabrazocolombia.org/public_html/wp-includes/class-wp-hook.php on line 303
[26-Jul-2021 18:21:53 UTC] PHP Warning:  call_user_func_array() expects parameter 1 to be a valid callback, function 'create_posttype' not found or invalid function name in /home/u534534343/domains/teabrazocolombia.org/public_html/wp-includes/class-wp-hook.php on line 303
[26-Jul-2021 18:23:54 UTC] PHP Warning:  call_user_func_array() expects parameter 1 to be a valid callback, function 'create_posttype' not found or invalid function name in /home/u534534343/domains/teabrazocolombia.org/public_html/wp-includes/class-wp-hook.php on line 303
[26-Jul-2021 18:23:54 UTC] PHP Warning:  call_user_func_array() expects parameter 1 to be a valid callback, function 'create_posttype' not found or invalid function name in /home/u534534343/domains/teabrazocolombia.org/public_html/wp-includes/class-wp-hook.php on line 303
[26-Jul-2021 18:25:51 UTC] PHP Warning:  call_user_func_array() expects parameter 1 to be a valid callback, function 'create_posttype' not found or invalid function name in /home/u534534343/domains/teabrazocolombia.org/public_html/wp-includes/class-wp-hook.php on line 303
[26-Jul-2021 18:25:51 UTC] PHP Warning:  call_user_func_array() expects parameter 1 to be a valid callback, function 'create_posttype' not found or invalid function name in /home/u534534343/domains/teabrazocolombia.org/public_html/wp-includes/class-wp-hook.php on line 303
[26-Jul-2021 18:25:55 UTC] PHP Warning:  call_user_func_array() expects parameter 1 to be a valid callback, function 'create_posttype' not found or invalid function name in /home/u534534343/domains/teabrazocolombia.org/public_html/wp-includes/class-wp-hook.php on line 303
[26-Jul-2021 18:26:56 UTC] PHP Warning:  call_user_func_array() expects parameter 1 to be a valid callback, function 'create_posttype' not found or invalid function name in /home/u534534343/domains/teabrazocolombia.org/public_html/wp-includes/class-wp-hook.php on line 303
[26-Jul-2021 18:26:56 UTC] PHP Warning:  call_user_func_array() expects parameter 1 to be a valid callback, function 'create_posttype' not found or invalid function name in /home/u534534343/domains/teabrazocolombia.org/public_html/wp-includes/class-wp-hook.php on line 303
